<?xml version="1.0" encoding="UTF-8"?>
<!-- Generated by org.testng.reporters.JUnitXMLReporter -->
<testsuite hostname="Home-PC" ignored="0" name="Default test" tests="4" failures="0" timestamp="2020-08-05T11:44:30 EDT" time="122.033" errors="0">
  <testcase name="verifyHomePageTitle" time="0.204" classname="Test1.QuotesTest_CA_US"/>
  <testcase name="verifyLogIn" time="35.106" classname="Test1.QuotesTest_CA_US"/>
  <testcase name="verify_main_menu" time="0.899" classname="Test1.QuotesTest_CA_US"/>
  <testcase name="verify_quotes" time="59.116" classname="Test1.QuotesTest_CA_US"/>
</testsuite> <!-- Default test -->
